make all --print-data-base --no-builtin-variables --no-builtin-rules --question
# GNU Make 3.81
# Copyright (C) 2006  Free Software Foundation, Inc.
# This is free software; see the source for copying conditions.
# There is NO warranty; not even for MERCHANTABILITY or FITNESS FOR A
# PARTICULAR PURPOSE.

# This program built for i386-apple-darwin11.3.0
 
/bin/sh: brew: command not found

make: brew: Command not found


# Make data base, printed on Wed Sep 21 17:06:31 2022

# Variables

# automatic
<D = $(patsubst %/,%,$(dir $<))
# automatic
?F = $(notdir $?)
# makefile (from `Makefile', line 16)
RST = \033[0m
# makefile (from `Makefile', line 49)
OBJ = ${SRC:.c=.o}
# makefile (from `Makefile', line 39)
RL_V := 
# makefile (from `Makefile', line 22)
SRC = src/builtins.c src/main.c src/env_utils.c src/parsing.c src/parsing_utils.c src/b_echo.c src/b_init.c src/redirections.c src/quotes_mgmt.c src/cmd_selecter.c src/var.c src/prompt.c src/b_cd.c src/execve.c 
# environment
VSCODE_LOG_NATIVE = false
# automatic
?D = $(patsubst %/,%,$(dir $?))
# automatic
@D = $(patsubst %/,%,$(dir $@))
# automatic
@F = $(notdir $@)
# makefile
CURDIR := /Users/mthiesso/Documents/cursus/minishell
# makefile
SHELL = /bin/sh
# environment
VSCODE_NLS_CONFIG = {"locale":"en-us","availableLanguages":{},"_languagePackSupport":true}
# environment
_ = /usr/bin/make
# makefile (from `Makefile', line 19)
CFLAGS = -Wall -Wextra -Werror -g -fsanitize=address
# makefile (from `Makefile', line 1)
MAKEFILE_LIST :=  Makefile
# makefile (from `Makefile', line 40)
RL_P := 
# environment
VSCODE_VERBOSE_LOGGING = true
# makefile (from `Makefile', line 47)
DEL = rm -rf
# environment
VSCODE_IPC_HOOK_EXTHOST = /var/folders/zz/zyxvpxvq6csfxvn_n000cbgw0032vz/T/vscode-ipc-58db7418-b5e2-49a1-a291-7a4e22577e20.sock
# environment
VSCODE_CWD = /
# environment
PATH = /usr/bin:/bin:/usr/sbin:/sbin:/usr/local/bin
# environment
LaunchInstanceID = 88A8E5C2-C7FE-45C2-8DB6-1AE32123F3B5
# makefile (from `Makefile', line 21)
AR = ar rcs
# environment
VSCODE_LOG_STACK = false
# environment
ELECTRON_RUN_AS_NODE = 1
# default
.FEATURES := target-specific order-only second-expansion else-if archives jobserver check-symlink
# makefile (from `Makefile', line 15)
GRN = \033[32m
# environment
SSH_AUTH_SOCK = /private/tmp/com.apple.launchd.tYqcJrCyJr/Listeners
# automatic
%F = $(notdir $%)
# environment
VSCODE_PIPE_LOGGING = true
# environment
PWD = /Users/mthiesso/Documents/cursus/minishell
# makefile (from `Makefile', line 41)
RL = $(RL_P)/$(RL_V)
# environment
ORIGINAL_XDG_CURRENT_DESKTOP = undefined
# environment
VSCODE_AMD_ENTRYPOINT = vs/workbench/api/node/extensionHostProcess
# environment
HOME = /Users/mthiesso
# default
MAKEFILEPATH := /Applications/Xcode.app/Contents/Developer/Makefiles
# environment
VSCODE_CODE_CACHE_PATH = /Users/mthiesso/Library/Application Support/Code/CachedData/dfd34e8260c270da74b5c2d86d61aee4b6d56977
# environment
LOGNAME = mthiesso
# environment
APPLICATION_INSIGHTS_NO_DIAGNOSTIC_CHANNEL = 1
# environment
VSCODE_HANDLES_UNCAUGHT_ERRORS = true
# automatic
^D = $(patsubst %/,%,$(dir $^))
# environment
XPC_FLAGS = 0x0
# default
MAKE = $(MAKE_COMMAND)
# default
MAKECMDGOALS := all
# environment
SHLVL = 1
# makefile (from `Makefile', line 13)
CYN = \033[36m
# makefile (from `Makefile', line 18)
CC = gcc
# default
MAKE_VERSION := 3.81
# environment
USER = mthiesso
# makefile
.DEFAULT_GOAL := all
# makefile (from `Makefile', line 20)
NAME = minishell
# automatic
%D = $(patsubst %/,%,$(dir $%))
# default
MAKE_COMMAND := /Applications/Xcode.app/Contents/Developer/usr/bin/make
# makefile (from `Makefile', line 43)
INC = -I. -I $(RL)/include/
# default
.VARIABLES := 
# environment
TMPDIR = /var/folders/zz/zyxvpxvq6csfxvn_n000cbgw0032vz/T/
# automatic
*F = $(notdir $*)
# environment
VSCODE_IPC_HOOK = /Users/mthiesso/Library/Application Support/Code/1.66.2-main.sock
# makefile
MAKEFLAGS = Rrqp
# environment
MFLAGS = -Rrqp
# automatic
*D = $(patsubst %/,%,$(dir $*))
# environment
XPC_SERVICE_NAME = com.apple.xpc.launchd.oneshot.0x10000002.Electron
# automatic
+D = $(patsubst %/,%,$(dir $+))
# automatic
+F = $(notdir $+)
# makefile (from `Makefile', line 45)
LIB_LIBFT = ft
# environment
__CF_USER_TEXT_ENCODING = 0x18B7F:0x0:0x0
# environment
COMMAND_MODE = unix2003
# default
MAKEFILES := 
# automatic
<F = $(notdir $<)
# environment
LC_ALL = C
# makefile (from `Makefile', line 14)
YEL = \033[33m
# makefile (from `Makefile', line 44)
DIR_LIBFT = ./utils/libft/
# makefile (from `Makefile', line 46)
HEADER = -I./inc
# makefile (from `Makefile', line 42)
LIBS = -L $(RL)/lib/ -lreadline -lhistory
# environment
SECURITYSESSIONID = 186a8
# automatic
^F = $(notdir $^)
# default
SUFFIXES := 
# default
.INCLUDE_DIRS = /usr/local/include
# environment
MAKELEVEL := 0
# environment
LANG = C
# environment
VSCODE_PID = 4583
# variable set hash-table stats:
# Load=82/1024=8%, Rehash=0, Collisions=6/123=5%

# Pattern-specific Variable Values

# No pattern-specific variable values.

# Directories

# . (device 16777225, inode 3013746): 12 files, no impossibilities.
# src (device 16777225, inode 3013822): 33 files, no impossibilities so far.

# 45 files, no impossibilities in 2 directories.

# Implicit Rules

%.o: %.c
#  commands to execute (from `Makefile', line 54):
	@${CC} ${CFLAGS} ${HEADER} ${INC}  -c $< -o $@
	

# 1 implicit rules, 0 (0.0%) terminal.

# Files

# Not a target:
src/builtins.c:
#  Implicit rule search has been done.
#  Last modified 2022-09-21 15:28:45
#  File has been updated.
#  Successfully updated.
# variable set hash-table stats:
# Load=0/32=0%, Rehash=0, Collisions=0/0=0%

all: minishell
#  Phony target (prerequisite of .PHONY).
#  Command-line target.
#  Implicit rule search has not been done.
#  File does not exist.
#  File has been updated.
#  Needs to be updated (-q is set).
# variable set hash-table stats:
# Load=0/32=0%, Rehash=0, Collisions=0/9=0%

# Not a target:
src/b_init.c:
#  Implicit rule search has been done.
#  Last modified 2022-09-21 15:28:45
#  File has been updated.
#  Successfully updated.
# variable set hash-table stats:
# Load=0/32=0%, Rehash=0, Collisions=0/0=0%

.PHONY: all clean fclean
#  Implicit rule search has not been done.
#  Modification time never checked.
#  File has not been updated.

# Not a target:
src/prompt.c:
#  Implicit rule search has been done.
#  Last modified 2022-09-21 17:03:24
#  File has been updated.
#  Successfully updated.
# variable set hash-table stats:
# Load=0/32=0%, Rehash=0, Collisions=0/0=0%

src/b_echo.o: src/b_echo.c
#  Implicit rule search has been done.
#  Implicit/static pattern stem: `src/b_echo'
#  Last modified 2022-09-19 10:52:15
#  File has been updated.
#  Successfully updated.
# variable set hash-table stats:
# Load=0/32=0%, Rehash=0, Collisions=0/0=0%
#  commands to execute (from `Makefile', line 54):
	@${CC} ${CFLAGS} ${HEADER} ${INC}  -c $< -o $@
	

src/main.o: src/main.c
#  Implicit rule search has been done.
#  Implicit/static pattern stem: `src/main'
#  Last modified 2022-09-21 17:01:26
#  File has been updated.
#  Successfully updated.
# variable set hash-table stats:
# Load=0/32=0%, Rehash=0, Collisions=0/0=0%
#  commands to execute (from `Makefile', line 54):
	@${CC} ${CFLAGS} ${HEADER} ${INC}  -c $< -o $@
	

# Not a target:
src/parsing_utils.c:
#  Implicit rule search has been done.
#  Last modified 2022-09-19 17:02:52
#  File has been updated.
#  Successfully updated.
# variable set hash-table stats:
# Load=0/32=0%, Rehash=0, Collisions=0/0=0%

src/parsing.o: src/parsing.c
#  Implicit rule search has been done.
#  Implicit/static pattern stem: `src/parsing'
#  Last modified 2022-09-21 15:13:57
#  File has been updated.
#  Successfully updated.
# variable set hash-table stats:
# Load=0/32=0%, Rehash=0, Collisions=0/0=0%
#  commands to execute (from `Makefile', line 54):
	@${CC} ${CFLAGS} ${HEADER} ${INC}  -c $< -o $@
	

# Not a target:
.SUFFIXES:
#  Implicit rule search has not been done.
#  Modification time never checked.
#  File has not been updated.

# Not a target:
src/b_cd.c:
#  Implicit rule search has been done.
#  Last modified 2022-09-21 15:28:45
#  File has been updated.
#  Successfully updated.
# variable set hash-table stats:
# Load=0/32=0%, Rehash=0, Collisions=0/0=0%

# Not a target:
Makefile:
#  Implicit rule search has been done.
#  Last modified 2022-09-21 17:06:27
#  File has been updated.
#  Successfully updated.
# variable set hash-table stats:
# Load=0/32=0%, Rehash=0, Collisions=0/0=0%

# Not a target:
src/redirections.c:
#  Implicit rule search has been done.
 
#  Last modified 2022-08-31 17:16:29
#  File has been updated.
#  Successfully updated.
# variable set hash-table stats:
# Load=0/32=0%, Rehash=0, Collisions=0/0=0%

# Not a target:
src/var.c:
#  Implicit rule search has been done.
#  Last modified 2022-09-13 11:40:04
#  File has been updated.
#  Successfully updated.
# variable set hash-table stats:
# Load=0/32=0%, Rehash=0, Collisions=0/0=0%

minishell: src/builtins.o src/main.o src/env_utils.o src/parsing.o src/parsing_utils.o src/b_echo.o src/b_init.o src/redirections.o src/quotes_mgmt.o src/cmd_selecter.o src/var.o src/prompt.o src/b_cd.o src/execve.o
#  Implicit rule search has not been done.
#  Last modified 2022-09-21 17:03:35
#  File has been updated.
#  Needs to be updated (-q is set).
# variable set hash-table stats:
# Load=0/32=0%, Rehash=0, Collisions=0/9=0%
#  commands to execute (from `Makefile', line 56):
	@echo "[LIBFT]		${CYN}Creating...${RST}"
	@${MAKE} -C ${DIR_LIBFT}
	@echo "[LIBFT]		${GRN}OK${RST}"
	@echo "[MINISHELL]	${CYN}Compilating...${RST}"
	@${CC} ${OBJ} ${CFLAGS} ${LIBS}\
	-L${DIR_LIBFT} -l${LIB_LIBFT}\
	-o ${NAME}
	@echo "[MINISHELL]	${GRN}OK${RST}"
	

src/env_utils.o: src/env_utils.c
#  Implicit rule search has been done.
#  Implicit/static pattern stem: `src/env_utils'
#  Last modified 2022-09-21 15:39:45
#  File has been updated.
#  Successfully updated.
# variable set hash-table stats:
# Load=0/32=0%, Rehash=0, Collisions=0/0=0%
#  commands to execute (from `Makefile', line 54):
	@${CC} ${CFLAGS} ${HEADER} ${INC}  -c $< -o $@
	

fclean: clean
#  Phony target (prerequisite of .PHONY).
#  Implicit rule search has not been done.
#  File does not exist.
#  File has not been updated.
#  commands to execute (from `Makefile', line 77):
	@${DEL} ${NAME}
	@echo "${GRN}Cleaning complete.${RST}"
	

# Not a target:
src/b_echo.c:
#  Implicit rule search has been done.
#  Last modified 2022-09-13 19:09:45
#  File has been updated.
#  Successfully updated.
# variable set hash-table stats:
# Load=0/32=0%, Rehash=0, Collisions=0/0=0%

# Not a target:
src/main.c:
#  Implicit rule search has been done.
#  Last modified 2022-09-21 15:55:25
#  File has been updated.
#  Successfully updated.
# variable set hash-table stats:
# Load=0/32=0%, Rehash=0, Collisions=0/0=0%

norm: all
#  Implicit rule search has not been done.
#  Modification time never checked.
#  File has not been updated.
#  commands to execute (from `Makefile', line 67):
	norminette ${SRC} minishell.h
	

src/quotes_mgmt.o: src/quotes_mgmt.c
#  Implicit rule search has been done.
#  Implicit/static pattern stem: `src/quotes_mgmt'
#  Last modified 2022-09-19 10:52:15
#  File has been updated.
#  Successfully updated.
# variable set hash-table stats:
# Load=0/32=0%, Rehash=0, Collisions=0/0=0%
#  commands to execute (from `Makefile', line 54):
	@${CC} ${CFLAGS} ${HEADER} ${INC}  -c $< -o $@
	

# Not a target:
src/parsing.c:
#  Implicit rule search has been done.
#  Last modified 2022-09-21 14:10:00
#  File has been updated.
#  Successfully updated.
# variable set hash-table stats:
# Load=0/32=0%, Rehash=0, Collisions=0/0=0%

src/execve.o: src/execve.c
#  Implicit rule search has been done.
#  Implicit/static pattern stem: `src/execve'
#  File does not exist.
#  File has been updated.
#  Needs to be updated (-q is set).
# automatic
# @ := src/execve.o
# automatic
# % := 
# automatic
# * := src/execve
# automatic
# + := src/execve.c
# automatic
# | := 
# automatic
# < := src/execve.c
# automatic
# ^ := src/execve.c
# automatic
# ? := src/execve.c
# variable set hash-table stats:
# Load=8/32=25%, Rehash=0, Collisions=2/19=11%
#  commands to execute (from `Makefile', line 54):
	@${CC} ${CFLAGS} ${HEADER} ${INC}  -c $< -o $@
	

src/cmd_selecter.o: src/cmd_selecter.c
#  Implicit rule search has been done.
#  Implicit/static pattern stem: `src/cmd_selecter'
#  Last modified 2022-09-19 10:52:15
#  File has been updated.
#  Successfully updated.
# variable set hash-table stats:
# Load=0/32=0%, Rehash=0, Collisions=0/0=0%
#  commands to execute (from `Makefile', line 54):
	@${CC} ${CFLAGS} ${HEADER} ${INC}  -c $< -o $@
	

# Not a target:
.DEFAULT:
#  Implicit rule search has not been done.
#  Modification time never checked.
#  File has not been updated.

re: fclean all
#  Implicit rule search has not been done.
#  Modification time never checked.
#  File has not been updated.

clean:
#  Phony target (prerequisite of .PHONY).
#  Implicit rule search has not been done.
#  File does not exist.
#  File has not been updated.
#  commands to execute (from `Makefile', line 69):
	@echo "[MINISHELL]	${YEL}Deleting...${RST}"
	@${DEL} ${OBJ}
	@echo "[MINISHELL]	${GRN}Cleaned${RST}"
	@echo "[LIBFT]		${YEL}Deleting...${RST}"
	@${MAKE} -C ${DIR_LIBFT} clean
	@echo "[LIBFT]		${GRN}Cleaned${RST}"
	

src/builtins.o: src/builtins.c
#  Implicit rule search has been done.
#  Implicit/static pattern stem: `src/builtins'
#  Last modified 2022-09-21 15:39:44
#  File has been updated.
#  Successfully updated.
# variable set hash-table stats:
# Load=0/32=0%, Rehash=0, Collisions=0/0=0%
#  commands to execute (from `Makefile', line 54):
	@${CC} ${CFLAGS} ${HEADER} ${INC}  -c $< -o $@
	

src/b_init.o: src/b_init.c
#  Implicit rule search has been done.
#  Implicit/static pattern stem: `src/b_init'
#  Last modified 2022-09-21 15:39:45
#  File has been updated.
#  Successfully updated.
# variable set hash-table stats:
# Load=0/32=0%, Rehash=0, Collisions=0/0=0%
#  commands to execute (from `Makefile', line 54):
	@${CC} ${CFLAGS} ${HEADER} ${INC}  -c $< -o $@
	

# Not a target:
src/env_utils.c:
#  Implicit rule search has been done.
#  Last modified 2022-09-21 15:28:45
#  File has been updated.
#  Successfully updated.
# variable set hash-table stats:
# Load=0/32=0%, Rehash=0, Collisions=0/0=0%

src/prompt.o: src/prompt.c
#  Implicit rule search has been done.
#  Implicit/static pattern stem: `src/prompt'
#  Last modified 2022-09-21 17:03:35
#  File has been updated.
#  Successfully updated.
# variable set hash-table stats:
# Load=0/32=0%, Rehash=0, Collisions=0/0=0%
#  commands to execute (from `Makefile', line 54):
	@${CC} ${CFLAGS} ${HEADER} ${INC}  -c $< -o $@
	

src/parsing_utils.o: src/parsing_utils.c
#  Implicit rule search has been done.
#  Implicit/static pattern stem: `src/parsing_utils'
#  Last modified 2022-09-19 17:03:05
#  File has been updated.
#  Successfully updated.
# variable set hash-table stats:
# Load=0/32=0%, Rehash=0, Collisions=0/0=0%
#  commands to execute (from `Makefile', line 54):
	@${CC} ${CFLAGS} ${HEADER} ${INC}  -c $< -o $@
	

exec: all
#  Implicit rule search has not been done.
#  Modification time never checked.
#  File has not been updated.
#  commands to execute (from `Makefile', line 65):
	./${NAME}
	

# Not a target:
src/quotes_mgmt.c:
#  Implicit rule search has been done.
#  Last modified 2022-09-14 11:38:29
#  File has been updated.
#  Successfully updated.
# variable set hash-table stats:
# Load=0/32=0%, Rehash=0, Collisions=0/0=0%

src/b_cd.o: src/b_cd.c
#  Implicit rule search has been done.
#  Implicit/static pattern stem: `src/b_cd'
#  Last modified 2022-09-21 15:42:33
#  File has been updated.
#  Successfully updated.
# variable set hash-table stats:
# Load=0/32=0%, Rehash=0, Collisions=0/0=0%
#  commands to execute (from `Makefile', line 54):
	@${CC} ${CFLAGS} ${HEADER} ${INC}  -c $< -o $@
	

# Not a target:
src/execve.c:
#  Implicit rule search has been done.
#  Last modified 2022-09-21 17:06:09
#  File has been updated.
#  Successfully updated.
# variable set hash-table stats:
# Load=0/32=0%, Rehash=0, Collisions=0/0=0%

# Not a target:
src/cmd_selecter.c:
#  Implicit rule search has been done.
#  Last modified 2022-09-13 13:04:18
#  File has been updated.
#  Successfully updated.
# variable set hash-table stats:
# Load=0/32=0%, Rehash=0, Collisions=0/0=0%

src/redirections.o: src/redirections.c
#  Implicit rule search has been done.
#  Implicit/static pattern stem: `src/redirections'
#  Last modified 2022-09-19 10:52:15
#  File has been updated.
#  Successfully updated.
# variable set hash-table stats:
# Load=0/32=0%, Rehash=0, Collisions=0/0=0%
#  commands to execute (from `Makefile', line 54):
 
	@${CC} ${CFLAGS} ${HEADER} ${INC}  -c $< -o $@
	

src/var.o: src/var.c
#  Implicit rule search has been done.
#  Implicit/static pattern stem: `src/var'
#  Last modified 2022-09-19 10:52:15
#  File has been updated.
#  Successfully updated.
# variable set hash-table stats:
# Load=0/32=0%, Rehash=0, Collisions=0/0=0%
#  commands to execute (from `Makefile', line 54):
	@${CC} ${CFLAGS} ${HEADER} ${INC}  -c $< -o $@
	

# files hash-table stats:
# Load=39/1024=4%, Rehash=0, Collisions=0/117=0%
# VPATH Search Paths

# No `vpath' search paths.

# No general (`VPATH' variable) search path.

# # of strings in strcache: 1
# # of strcache buffers: 1
# strcache size: total = 4096 / max = 4096 / min = 4096 / avg = 4096
# strcache free: total = 4087 / max = 4087 / min = 4087 / avg = 4087

# Finished Make data base on Wed Sep 21 17:06:31 2022

 
